<?xml version="1.0" encoding="UTF-8"?>
<!-- Generated by org.testng.reporters.JUnitReportReporter -->
<testsuite skipped="0" hostname="M1153DSI0008548" name="br.gov.rj.rio.iplanrio.aceitacao.gicof.test.MenuGestaoAdministrativaTabelasTipoComissaoTest" tests="1" failures="0" timestamp="4 Jul 2021 23:11:05 GMT" time="156.953" errors="0">
  <testcase name="ExecutaListaDeCasosDeUso" time="156.953" classname="br.gov.rj.rio.iplanrio.aceitacao.gicof.test.MenuGestaoAdministrativaTabelasTipoComissaoTest"/>
</testsuite> <!-- br.gov.rj.rio.iplanrio.aceitacao.gicof.test.MenuGestaoAdministrativaTabelasTipoComissaoTest -->
