<?xml version="1.0" encoding="UTF-8"?>
<!-- Generated by org.testng.reporters.JUnitReportReporter -->
<testsuite skipped="0" hostname="DESKTOP-HPKH0DM" name="br.gov.rj.rio.iplanrio.aceitacao.template.test.HomeTest" tests="1" failures="0" timestamp="29 out 2020 22:35:23 GMT" time="12.279" errors="0">
  <testcase name="ExecutaListaDeCasosDeUso" time="12.279" classname="br.gov.rj.rio.iplanrio.aceitacao.template.test.HomeTest"/>
</testsuite> <!-- br.gov.rj.rio.iplanrio.aceitacao.template.test.HomeTest -->
