<?xml version="1.0" encoding="UTF-8"?>
<!-- Generated by org.testng.reporters.JUnitReportReporter -->
<testsuite skipped="0" hostname="DESKTOP-HPKH0DM" name="br.gov.rj.rio.iplanrio.aceitacao.template.test.LoginTest" tests="1" failures="0" timestamp="29 out 2020 22:59:26 GMT" time="32.371" errors="0">
  <testcase name="ExecutaListaDeCasosDeUso" time="32.371" classname="br.gov.rj.rio.iplanrio.aceitacao.template.test.LoginTest"/>
</testsuite> <!-- br.gov.rj.rio.iplanrio.aceitacao.template.test.LoginTest -->
