<?xml version="1.0" encoding="UTF-8"?>
<!-- Generated by org.testng.reporters.JUnitReportReporter -->
<testsuite skipped="0" hostname="M1153IPLAN08542" name="br.gov.rj.rio.iplanrio.aceitacao.prefrio.test.CapturaLinksTest" tests="1" failures="0" timestamp="2025-12-01T18:55:26 BRT" time="175.017" errors="0">
  <testcase name="ExecutaListaDeCasosDeUso" time="175.017" classname="br.gov.rj.rio.iplanrio.aceitacao.prefrio.test.CapturaLinksTest"/>
  <system-out/>
</testsuite> <!-- br.gov.rj.rio.iplanrio.aceitacao.prefrio.test.CapturaLinksTest -->
