<?xml version="1.0" encoding="UTF-8"?>
<!-- Generated by org.testng.reporters.JUnitReportReporter -->
<testsuite skipped="0" hostname="M1153IPLAN08542" name="br.gov.rj.rio.iplanrio.aceitacao.prefrio.test.ServicoCidadeTest" tests="1" failures="0" timestamp="2025-12-18T16:59:17 BRT" time="18.554" errors="0">
  <testcase name="ExecutaListaDeCasosDeUso" time="18.554" classname="br.gov.rj.rio.iplanrio.aceitacao.prefrio.test.ServicoCidadeTest"/>
  <system-out/>
</testsuite> <!-- br.gov.rj.rio.iplanrio.aceitacao.prefrio.test.ServicoCidadeTest -->
