<?xml version="1.0" encoding="UTF-8"?>
<!-- Generated by org.testng.reporters.JUnitReportReporter -->
<testsuite hostname="M1153IPLAN08542" failures="0" tests="1" name="br.gov.rj.rio.iplanrio.aceitacao.prefrio.test.HomeTest" time="4.513" errors="1" timestamp="2025-12-18T14:38:50 BRT" skipped="0">
  <testcase classname="br.gov.rj.rio.iplanrio.aceitacao.prefrio.test.HomeTest" name="ExecutaListaDeCasosDeUso" time="4.513">
    <error message="sun/misc/BASE64Decoder" type="java.lang.NoClassDefFoundError">
      <![CDATA[java.lang.NoClassDefFoundError: sun/misc/BASE64Decoder
at com.googlecode.seleniumjavaevidence.selenium.SeleniumEvidence.toImage(SeleniumEvidence.java:101)
at com.googlecode.seleniumjavaevidence.selenium.SeleniumEvidence.setSel_image_string(SeleniumEvidence.java:91)
at com.googlecode.seleniumjavaevidence.selenium.SeleniumEvidence.<init>(SeleniumEvidence.java:40)
at br.gov.rj.rio.iplanrio.aceitacao.infra.Testador.reportaQuePassouNoTeste(Testador.java:198)
at br.gov.rj.rio.iplanrio.aceitacao.infra.BaseAceitacaoTest.verificaResultado(BaseAceitacaoTest.java:156)
at br.gov.rj.rio.iplanrio.aceitacao.infra.BaseAceitacaoTest.ExecutaListaDeCasosDeUso(BaseAceitacaoTest.java:72)
at java.base/jdk.internal.reflect.NativeMethodAccessorImpl.invoke0(Native Method)
at java.base/jdk.internal.reflect.NativeMethodAccessorImpl.invoke(NativeMethodAccessorImpl.java:77)
at java.base/jdk.internal.reflect.DelegatingMethodAccessorImpl.invoke(DelegatingMethodAccessorImpl.java:43)
at java.base/java.lang.reflect.Method.invoke(Method.java:568)
at org.testng.internal.MethodInvocationHelper.invokeMethod(MethodInvocationHelper.java:133)
at org.testng.internal.TestInvoker.invokeMethod(TestInvoker.java:598)
at org.testng.internal.TestInvoker.invokeTestMethod(TestInvoker.java:173)
at org.testng.internal.MethodRunner.runInSequence(MethodRunner.java:46)
at org.testng.internal.TestInvoker$MethodInvocationAgent.invoke(TestInvoker.java:824)
at org.testng.internal.TestInvoker.invokeTestMethods(TestInvoker.java:146)
at org.testng.internal.TestMethodWorker.invokeTestMethods(TestMethodWorker.java:146)
at org.testng.internal.TestMethodWorker.run(TestMethodWorker.java:128)
at java.base/java.util.ArrayList.forEach(ArrayList.java:1511)
at org.testng.TestRunner.privateRun(TestRunner.java:794)
at org.testng.TestRunner.run(TestRunner.java:596)
at org.testng.SuiteRunner.runTest(SuiteRunner.java:377)
at org.testng.SuiteRunner.runSequentially(SuiteRunner.java:371)
at org.testng.SuiteRunner.privateRun(SuiteRunner.java:332)
at org.testng.SuiteRunner.run(SuiteRunner.java:276)
at org.testng.SuiteRunnerWorker.runSuite(SuiteRunnerWorker.java:53)
at org.testng.SuiteRunnerWorker.run(SuiteRunnerWorker.java:96)
at org.testng.TestNG.runSuitesSequentially(TestNG.java:1212)
at org.testng.TestNG.runSuitesLocally(TestNG.java:1134)
at org.testng.TestNG.runSuites(TestNG.java:1063)
at org.testng.TestNG.run(TestNG.java:1031)
at org.testng.remote.AbstractRemoteTestNG.run(AbstractRemoteTestNG.java:115)
at org.testng.remote.RemoteTestNG.initAndRun(RemoteTestNG.java:251)
at org.testng.remote.RemoteTestNG.main(RemoteTestNG.java:77)
Caused by: java.lang.ClassNotFoundException: sun.misc.BASE64Decoder
at java.base/jdk.internal.loader.BuiltinClassLoader.loadClass(BuiltinClassLoader.java:641)
at java.base/jdk.internal.loader.ClassLoaders$AppClassLoader.loadClass(ClassLoaders.java:188)
at java.base/java.lang.ClassLoader.loadClass(ClassLoader.java:520)
... 34 more
]]>
    </error>
  </testcase> <!-- ExecutaListaDeCasosDeUso -->
  <system-out/>
</testsuite> <!-- br.gov.rj.rio.iplanrio.aceitacao.prefrio.test.HomeTest -->
